# Logfile created on 2014-02-15 09:36:16 -0800 by logger.rb/44203
I, [2014-02-15T09:36:16.078030 #28107]  INFO -- : 0:  rack (1.5.2) from /Users/joslynrosbrook/.rvm/gems/ruby-2.1.0/specifications/rack-1.5.2.gemspec
I, [2014-02-15T09:36:16.078374 #28107]  INFO -- : 0:  rulers (0.0.1) from /Users/joslynrosbrook/.rvm/gems/ruby-2.1.0/specifications/rulers-0.0.1.gemspec
I, [2014-02-15T09:36:16.078600 #28107]  INFO -- : 0:  bundler (1.5.1) from /Users/joslynrosbrook/.rvm/gems/ruby-2.1.0@global/specifications/bundler-1.5.1.gemspec
I, [2014-02-16T19:05:37.703502 #36822]  INFO -- : 0:  rack (1.5.2) from /Users/joslynrosbrook/.rvm/gems/ruby-2.1.0/specifications/rack-1.5.2.gemspec
I, [2014-02-16T19:05:37.703827 #36822]  INFO -- : 0:  rulers (0.0.1) from /Users/joslynrosbrook/.rvm/gems/ruby-2.1.0/specifications/rulers-0.0.1.gemspec
I, [2014-02-16T19:05:37.704079 #36822]  INFO -- : 0:  bundler (1.5.1) from /Users/joslynrosbrook/.rvm/gems/ruby-2.1.0@global/specifications/bundler-1.5.1.gemspec
I, [2014-02-16T19:06:29.362325 #36851]  INFO -- : 0:  rack (1.5.2) from /Users/joslynrosbrook/.rvm/gems/ruby-2.1.0/specifications/rack-1.5.2.gemspec
I, [2014-02-16T19:06:29.362684 #36851]  INFO -- : 0:  rulers (0.0.1) from /Users/joslynrosbrook/.rvm/gems/ruby-2.1.0/specifications/rulers-0.0.1.gemspec
I, [2014-02-16T19:06:29.362979 #36851]  INFO -- : 0:  bundler (1.5.1) from /Users/joslynrosbrook/.rvm/gems/ruby-2.1.0@global/specifications/bundler-1.5.1.gemspec
I, [2014-02-16T19:12:17.649734 #36964]  INFO -- : 0:  rack (1.5.2) from /Users/joslynrosbrook/.rvm/gems/ruby-2.1.0/specifications/rack-1.5.2.gemspec
I, [2014-02-16T19:12:17.702111 #36964]  INFO -- : 0:  rulers (0.0.2) from /Users/joslynrosbrook/Desktop/CodeFellows/rebuilding-rails/rulers/rulers.gemspec
I, [2014-02-16T19:12:17.702707 #36964]  INFO -- : 0:  bundler (1.5.1) from /Users/joslynrosbrook/.rvm/gems/ruby-2.1.0@global/specifications/bundler-1.5.1.gemspec
I, [2014-02-21T08:55:25.147989 #1807]  INFO -- : 0:  rack (1.5.2) from /Users/joslynrosbrook/.rvm/gems/ruby-2.1.0/specifications/rack-1.5.2.gemspec
I, [2014-02-21T08:55:25.186110 #1807]  INFO -- : 0:  rulers (0.0.2) from /Users/joslynrosbrook/Desktop/CodeFellows/rebuilding-rails/rulers/rulers.gemspec
I, [2014-02-21T08:55:25.186442 #1807]  INFO -- : 0:  bundler (1.5.1) from /Users/joslynrosbrook/.rvm/gems/ruby-2.1.0@global/specifications/bundler-1.5.1.gemspec
I, [2014-02-22T09:25:57.797859 #3520]  INFO -- : 0:  ffi (1.9.3) from /Users/joslynrosbrook/.rvm/gems/ruby-2.1.0/specifications/ffi-1.9.3.gemspec
I, [2014-02-22T09:25:58.510659 #3520]  INFO -- : 0:  rb-fsevent (0.9.4) from /Users/joslynrosbrook/.rvm/gems/ruby-2.1.0/specifications/rb-fsevent-0.9.4.gemspec
I, [2014-02-22T09:25:59.120894 #3520]  INFO -- : 0:  rb-inotify (0.9.3) from /Users/joslynrosbrook/.rvm/gems/ruby-2.1.0/specifications/rb-inotify-0.9.3.gemspec
I, [2014-02-22T09:25:59.672216 #3520]  INFO -- : 0:  rb-kqueue (0.2.2) from /Users/joslynrosbrook/.rvm/gems/ruby-2.1.0/specifications/rb-kqueue-0.2.2.gemspec
I, [2014-02-22T09:26:00.212249 #3520]  INFO -- : 0:  listen (1.3.1) from /Users/joslynrosbrook/.rvm/gems/ruby-2.1.0/specifications/listen-1.3.1.gemspec
I, [2014-02-22T09:26:00.212732 #3520]  INFO -- : 0:  rack (1.5.2) from /Users/joslynrosbrook/.rvm/gems/ruby-2.1.0/specifications/rack-1.5.2.gemspec
I, [2014-02-22T09:26:00.443769 #3520]  INFO -- : 0:  rerun (0.8.1) from /Users/joslynrosbrook/.rvm/gems/ruby-2.1.0/specifications/rerun-0.8.1.gemspec
I, [2014-02-22T09:26:00.463090 #3520]  INFO -- : 0:  rulers (0.0.2) from /Users/joslynrosbrook/Desktop/CodeFellows/rebuilding-rails/rulers/rulers.gemspec
I, [2014-02-22T09:26:00.463382 #3520]  INFO -- : 0:  bundler (1.5.1) from /Users/joslynrosbrook/.rvm/gems/ruby-2.1.0@global/specifications/bundler-1.5.1.gemspec
